["```py\ntesting.print_assert_equal(test_string, actual, desired)\n```", "```py\n>>> np.testing.print_assert_equal('Test XYZ of func xyz', [0, 1], [0, 1])\n>>> np.testing.print_assert_equal('Test XYZ of func xyz', [0, 1], [0, 2])\nTraceback (most recent call last):\n...\nAssertionError: Test XYZ of func xyz failed\nACTUAL:\n[0, 1]\nDESIRED:\n[0, 2] \n```"]